G75*
%MOIN*%
%OFA0B0*%
%FSLAX24Y24*%
%IPPOS*%
%LPD*%
%AMOC8*
5,1,8,0,0,1.08239X$1,22.5*
%
%ADD10C,0.0000*%
D10*
X002773Y000625D02*
X042122Y000625D01*
X044122Y000625D01*
X044143Y000625D01*
X044143Y034483D01*
X004773Y034483D01*
X004773Y000625D01*
X042122Y000625D01*
X044122Y000625D01*
X041849Y002306D02*
X041851Y002354D01*
X041857Y002402D01*
X041867Y002449D01*
X041880Y002495D01*
X041898Y002540D01*
X041918Y002584D01*
X041943Y002626D01*
X041971Y002665D01*
X042001Y002702D01*
X042035Y002736D01*
X042072Y002768D01*
X042110Y002797D01*
X042151Y002822D01*
X042194Y002844D01*
X042239Y002862D01*
X042285Y002876D01*
X042332Y002887D01*
X042380Y002894D01*
X042428Y002897D01*
X042476Y002896D01*
X042524Y002891D01*
X042572Y002882D01*
X042618Y002870D01*
X042663Y002853D01*
X042707Y002833D01*
X042749Y002810D01*
X042789Y002783D01*
X042827Y002753D01*
X042862Y002720D01*
X042894Y002684D01*
X042924Y002646D01*
X042950Y002605D01*
X042972Y002562D01*
X042992Y002518D01*
X043007Y002473D01*
X043019Y002426D01*
X043027Y002378D01*
X043031Y002330D01*
X043031Y002282D01*
X043027Y002234D01*
X043019Y002186D01*
X043007Y002139D01*
X042992Y002094D01*
X042972Y002050D01*
X042950Y002007D01*
X042924Y001966D01*
X042894Y001928D01*
X042862Y001892D01*
X042827Y001859D01*
X042789Y001829D01*
X042749Y001802D01*
X042707Y001779D01*
X042663Y001759D01*
X042618Y001742D01*
X042572Y001730D01*
X042524Y001721D01*
X042476Y001716D01*
X042428Y001715D01*
X042380Y001718D01*
X042332Y001725D01*
X042285Y001736D01*
X042239Y001750D01*
X042194Y001768D01*
X042151Y001790D01*
X042110Y001815D01*
X042072Y001844D01*
X042035Y001876D01*
X042001Y001910D01*
X041971Y001947D01*
X041943Y001986D01*
X041918Y002028D01*
X041898Y002072D01*
X041880Y002117D01*
X041867Y002163D01*
X041857Y002210D01*
X041851Y002258D01*
X041849Y002306D01*
X005983Y002306D02*
X005985Y002354D01*
X005991Y002402D01*
X006001Y002449D01*
X006014Y002495D01*
X006032Y002540D01*
X006052Y002584D01*
X006077Y002626D01*
X006105Y002665D01*
X006135Y002702D01*
X006169Y002736D01*
X006206Y002768D01*
X006244Y002797D01*
X006285Y002822D01*
X006328Y002844D01*
X006373Y002862D01*
X006419Y002876D01*
X006466Y002887D01*
X006514Y002894D01*
X006562Y002897D01*
X006610Y002896D01*
X006658Y002891D01*
X006706Y002882D01*
X006752Y002870D01*
X006797Y002853D01*
X006841Y002833D01*
X006883Y002810D01*
X006923Y002783D01*
X006961Y002753D01*
X006996Y002720D01*
X007028Y002684D01*
X007058Y002646D01*
X007084Y002605D01*
X007106Y002562D01*
X007126Y002518D01*
X007141Y002473D01*
X007153Y002426D01*
X007161Y002378D01*
X007165Y002330D01*
X007165Y002282D01*
X007161Y002234D01*
X007153Y002186D01*
X007141Y002139D01*
X007126Y002094D01*
X007106Y002050D01*
X007084Y002007D01*
X007058Y001966D01*
X007028Y001928D01*
X006996Y001892D01*
X006961Y001859D01*
X006923Y001829D01*
X006883Y001802D01*
X006841Y001779D01*
X006797Y001759D01*
X006752Y001742D01*
X006706Y001730D01*
X006658Y001721D01*
X006610Y001716D01*
X006562Y001715D01*
X006514Y001718D01*
X006466Y001725D01*
X006419Y001736D01*
X006373Y001750D01*
X006328Y001768D01*
X006285Y001790D01*
X006244Y001815D01*
X006206Y001844D01*
X006169Y001876D01*
X006135Y001910D01*
X006105Y001947D01*
X006077Y001986D01*
X006052Y002028D01*
X006032Y002072D01*
X006014Y002117D01*
X006001Y002163D01*
X005991Y002210D01*
X005985Y002258D01*
X005983Y002306D01*
X004773Y000625D02*
X004752Y000625D01*
X004773Y000625D01*
X004752Y000625D02*
X004497Y000625D01*
X005983Y032740D02*
X005985Y032788D01*
X005991Y032836D01*
X006001Y032883D01*
X006014Y032929D01*
X006032Y032974D01*
X006052Y033018D01*
X006077Y033060D01*
X006105Y033099D01*
X006135Y033136D01*
X006169Y033170D01*
X006206Y033202D01*
X006244Y033231D01*
X006285Y033256D01*
X006328Y033278D01*
X006373Y033296D01*
X006419Y033310D01*
X006466Y033321D01*
X006514Y033328D01*
X006562Y033331D01*
X006610Y033330D01*
X006658Y033325D01*
X006706Y033316D01*
X006752Y033304D01*
X006797Y033287D01*
X006841Y033267D01*
X006883Y033244D01*
X006923Y033217D01*
X006961Y033187D01*
X006996Y033154D01*
X007028Y033118D01*
X007058Y033080D01*
X007084Y033039D01*
X007106Y032996D01*
X007126Y032952D01*
X007141Y032907D01*
X007153Y032860D01*
X007161Y032812D01*
X007165Y032764D01*
X007165Y032716D01*
X007161Y032668D01*
X007153Y032620D01*
X007141Y032573D01*
X007126Y032528D01*
X007106Y032484D01*
X007084Y032441D01*
X007058Y032400D01*
X007028Y032362D01*
X006996Y032326D01*
X006961Y032293D01*
X006923Y032263D01*
X006883Y032236D01*
X006841Y032213D01*
X006797Y032193D01*
X006752Y032176D01*
X006706Y032164D01*
X006658Y032155D01*
X006610Y032150D01*
X006562Y032149D01*
X006514Y032152D01*
X006466Y032159D01*
X006419Y032170D01*
X006373Y032184D01*
X006328Y032202D01*
X006285Y032224D01*
X006244Y032249D01*
X006206Y032278D01*
X006169Y032310D01*
X006135Y032344D01*
X006105Y032381D01*
X006077Y032420D01*
X006052Y032462D01*
X006032Y032506D01*
X006014Y032551D01*
X006001Y032597D01*
X005991Y032644D01*
X005985Y032692D01*
X005983Y032740D01*
X004773Y034483D02*
X044143Y034483D01*
X041775Y032728D02*
X041777Y032776D01*
X041783Y032824D01*
X041793Y032871D01*
X041806Y032917D01*
X041824Y032962D01*
X041844Y033006D01*
X041869Y033048D01*
X041897Y033087D01*
X041927Y033124D01*
X041961Y033158D01*
X041998Y033190D01*
X042036Y033219D01*
X042077Y033244D01*
X042120Y033266D01*
X042165Y033284D01*
X042211Y033298D01*
X042258Y033309D01*
X042306Y033316D01*
X042354Y033319D01*
X042402Y033318D01*
X042450Y033313D01*
X042498Y033304D01*
X042544Y033292D01*
X042589Y033275D01*
X042633Y033255D01*
X042675Y033232D01*
X042715Y033205D01*
X042753Y033175D01*
X042788Y033142D01*
X042820Y033106D01*
X042850Y033068D01*
X042876Y033027D01*
X042898Y032984D01*
X042918Y032940D01*
X042933Y032895D01*
X042945Y032848D01*
X042953Y032800D01*
X042957Y032752D01*
X042957Y032704D01*
X042953Y032656D01*
X042945Y032608D01*
X042933Y032561D01*
X042918Y032516D01*
X042898Y032472D01*
X042876Y032429D01*
X042850Y032388D01*
X042820Y032350D01*
X042788Y032314D01*
X042753Y032281D01*
X042715Y032251D01*
X042675Y032224D01*
X042633Y032201D01*
X042589Y032181D01*
X042544Y032164D01*
X042498Y032152D01*
X042450Y032143D01*
X042402Y032138D01*
X042354Y032137D01*
X042306Y032140D01*
X042258Y032147D01*
X042211Y032158D01*
X042165Y032172D01*
X042120Y032190D01*
X042077Y032212D01*
X042036Y032237D01*
X041998Y032266D01*
X041961Y032298D01*
X041927Y032332D01*
X041897Y032369D01*
X041869Y032408D01*
X041844Y032450D01*
X041824Y032494D01*
X041806Y032539D01*
X041793Y032585D01*
X041783Y032632D01*
X041777Y032680D01*
X041775Y032728D01*
M02*
